<?xml version="1.0" encoding="UTF-8"?>
<!-- Generated by org.testng.reporters.JUnitReportReporter -->
<testsuite hostname="DESKTOP-MOEREO5" failures="0" tests="1" name="Mavexreport.Repextent.ExtentrepTest" time="198.393" errors="0" timestamp="2022-03-09T09:01:17 IST" skipped="0">
  <testcase classname="Mavexreport.Repextent.ExtentrepTest" name="initialDemo" time="198.393"/>
  <system-out/>
</testsuite> <!-- Mavexreport.Repextent.ExtentrepTest -->
